<?xml version="1.0" encoding="UTF-8"?>
<!-- Generated by org.testng.reporters.JUnitReportReporter -->
<testsuite hostname="LTIN199934" failures="0" tests="3" name="testClasses.TC_01_findingHospitals" time="117.580" errors="0" timestamp="2024-03-14T09:44:44 IST" skipped="0">
  <testcase classname="testClasses.TC_01_findingHospitals" name="search" time="4.298"/>
  <system-out/>
  <testcase classname="testClasses.TC_01_findingHospitals" name="filter" time="105.038"/>
  <system-out/>
  <testcase classname="testClasses.TC_01_findingHospitals" name="getDoctorsData" time="8.244"/>
  <system-out/>
</testsuite> <!-- testClasses.TC_01_findingHospitals -->
