<?xml version="1.0" encoding="UTF-8"?>
<!-- Generated by org.testng.reporters.JUnitReportReporter -->
<testsuite hostname="LTIN199934" failures="0" tests="4" name="testClasses.TC_05_findingHospitals" time="6.317" errors="0" timestamp="2024-03-14T09:44:44 IST" skipped="0">
  <testcase classname="testClasses.TC_05_findingHospitals" name="verifyingMobileNumUsingValidInput" time="2.126"/>
  <system-out/>
  <testcase classname="testClasses.TC_05_findingHospitals" name="verifyingMobileNumUsingValidInput_1" time="2.423"/>
  <system-out/>
  <testcase classname="testClasses.TC_05_findingHospitals" name="verifyingMobileNumUsingValidInput_2" time="1.119"/>
  <system-out/>
  <testcase classname="testClasses.TC_05_findingHospitals" name="verifyingMobileNumUsingValidInput_3" time="0.649"/>
  <system-out/>
</testsuite> <!-- testClasses.TC_05_findingHospitals -->
