<?xml version="1.0" encoding="UTF-8"?>
<!-- Generated by org.testng.reporters.JUnitReportReporter -->
<testsuite hostname="LTIN199934" failures="0" tests="3" name="runnerFile.runnerTest" time="154.310" errors="0" timestamp="2024-03-14T09:37:46 IST" skipped="0">
  <testcase classname="runnerFile.runnerTest" name="runScenario" time="20.360"/>
  <system-out/>
  <testcase classname="runnerFile.runnerTest" name="runScenario" time="65.734"/>
  <system-out/>
  <testcase classname="runnerFile.runnerTest" name="runScenario" time="68.216"/>
  <system-out/>
</testsuite> <!-- runnerFile.runnerTest -->
