<?xml version="1.0" encoding="UTF-8"?>
<!-- Generated by org.testng.reporters.JUnitReportReporter -->
<testsuite hostname="LTIN199934" failures="0" tests="2" name="testClasses.TC_03_findingHospitals" time="34.087" errors="0" timestamp="2024-03-14T09:44:44 IST" skipped="0">
  <testcase classname="testClasses.TC_03_findingHospitals" name="navigateToCorporate" time="1.164"/>
  <system-out/>
  <testcase classname="testClasses.TC_03_findingHospitals" name="navigateToDemo" time="32.923"/>
  <system-out/>
</testsuite> <!-- testClasses.TC_03_findingHospitals -->
