<?xml version="1.0" encoding="UTF-8"?>
<!-- Generated by org.testng.reporters.JUnitReportReporter -->
<testsuite hostname="LTIN199934" failures="0" tests="2" name="testClasses.TC_02_findingHospitals" time="33.316" errors="0" timestamp="2024-03-14T09:44:44 IST" skipped="0">
  <testcase classname="testClasses.TC_02_findingHospitals" name="navigateToSurgeries" time="7.566"/>
  <system-out/>
  <testcase classname="testClasses.TC_02_findingHospitals" name="getSurgeriesList" time="25.750"/>
  <system-out/>
</testsuite> <!-- testClasses.TC_02_findingHospitals -->
