<?xml version="1.0" encoding="UTF-8"?>
<!-- Generated by org.testng.reporters.JUnitReportReporter -->
<testsuite hostname="LTIN199934" failures="0" tests="5" name="testClasses.TC_06_findingHospitals" time="3.655" errors="0" timestamp="2024-03-14T09:44:44 IST" skipped="0">
  <testcase classname="testClasses.TC_06_findingHospitals" name="verifyingEmailUsingInvalidInput" time="0.711"/>
  <system-out/>
  <testcase classname="testClasses.TC_06_findingHospitals" name="verifyingEmailUsingInvalidInput_1" time="0.713"/>
  <system-out/>
  <testcase classname="testClasses.TC_06_findingHospitals" name="verifyingEmailUsingInvalidInput_2" time="0.612"/>
  <system-out/>
  <testcase classname="testClasses.TC_06_findingHospitals" name="verifyingEmailUsingInvalidInput_3" time="0.740"/>
  <system-out/>
  <testcase classname="testClasses.TC_06_findingHospitals" name="verifyingEmailUsingValidInput" time="0.879"/>
  <system-out/>
</testsuite> <!-- testClasses.TC_06_findingHospitals -->
