<?xml version="1.0" encoding="UTF-8"?>
<!-- Generated by org.testng.reporters.JUnitReportReporter -->
<testsuite hostname="LTIN199934" failures="0" tests="2" name="testClasses.TC_03_findingHospitals" time="43.922" errors="0" timestamp="2024-03-13T22:54:22 IST" skipped="0">
  <testcase classname="testClasses.TC_03_findingHospitals" name="navigateToCorporate" time="9.502"/>
  <testcase classname="testClasses.TC_03_findingHospitals" name="navigateToDemo" time="34.420"/>
</testsuite> <!-- testClasses.TC_03_findingHospitals -->
