<?xml version="1.0" encoding="UTF-8"?>
<!-- Generated by org.testng.reporters.JUnitReportReporter -->
<testsuite hostname="LTIN199934" failures="0" tests="2" name="testClasses.TC_02_findingHospitals" time="17.944" errors="0" timestamp="2024-03-13T22:54:22 IST" skipped="0">
  <testcase classname="testClasses.TC_02_findingHospitals" name="navigateToSurgeries" time="9.703"/>
  <testcase classname="testClasses.TC_02_findingHospitals" name="getSurgeriesList" time="8.241"/>
</testsuite> <!-- testClasses.TC_02_findingHospitals -->
