<?xml version="1.0" encoding="UTF-8"?>
<!-- Generated by org.testng.reporters.JUnitReportReporter -->
<testsuite hostname="LTIN199934" failures="0" tests="1" name="testClasses.TC_07_findingHospitals" time="0.000" errors="0" timestamp="2024-03-13T22:54:22 IST" skipped="1">
  <testcase classname="testClasses.TC_07_findingHospitals" name="verifyScheduleADemoButtonVisibility" time="0.000">
    <skipped/>
  </testcase> <!-- verifyScheduleADemoButtonVisibility -->
</testsuite> <!-- testClasses.TC_07_findingHospitals -->
